<?xml version="1.0" encoding="UTF-8"?>
<!-- Generated by org.testng.reporters.JUnitReportReporter -->
<testsuite hostname="DESKTOP-4157V0G" failures="0" tests="1" name="Base.BaseTest" time="0.009" errors="0" timestamp="2021-08-04T17:07:54 IST" skipped="0">
  <testcase classname="Base.BaseTest" name="testClass" time="0.009"/>
  <system-out/>
</testsuite> <!-- Base.BaseTest -->
