<?xml version="1.0" encoding="UTF-8"?>
<!-- Generated by org.testng.reporters.JUnitReportReporter -->
<testsuite hostname="DESKTOP-4157V0G" failures="0" tests="1" name="Tests.NotSinedInPage" time="0.008" errors="0" timestamp="2021-08-04T17:12:11 IST" skipped="0">
  <testcase classname="Tests.NotSinedInPage" name="notSignedInPage" time="0.008"/>
  <system-out/>
</testsuite> <!-- Tests.NotSinedInPage -->
